<?xml version="1.0" encoding="UTF-8"?>
<!-- Generated by org.testng.reporters.JUnitReportReporter -->
<testsuite skipped="0" hostname="Ravindra-PC" name="thinkitiveassigenment.tests.ThinkitiveAssigenmentsFlipcarts" tests="1" failures="0" timestamp="01 Oct 2020 11:03:49 GMT" time="31.400" errors="0">
  <testcase name="signInPage" time="31.400" classname="thinkitiveassigenment.tests.ThinkitiveAssigenmentsFlipcarts"/>
</testsuite> <!-- thinkitiveassigenment.tests.ThinkitiveAssigenmentsFlipcarts -->
