<?xml version="1.0" encoding="UTF-8"?>
<!-- Generated by org.testng.reporters.JUnitReportReporter -->
<testsuite skipped="0" hostname="Ravindra-PC" name="thinkitiveassigenment.tests.ThinkitiveAssigenment2" tests="1" failures="0" timestamp="02 Oct 2020 07:11:49 GMT" time="27.443" errors="0">
  <testcase name="signInPage" time="27.443" classname="thinkitiveassigenment.tests.ThinkitiveAssigenment2"/>
</testsuite> <!-- thinkitiveassigenment.tests.ThinkitiveAssigenment2 -->
